<?xml version="1.0" encoding="UTF-8"?>
<testsuite xmlns:xsi="http://www.w3.org/2001/XMLSchema-instance" xsi:noNamespaceSchemaLocation="https://maven.apache.org/surefire/maven-surefire-plugin/xsd/surefire-test-report-3.0.xsd" version="3.0" name="TestSuite" time="191.016" tests="8" errors="0" skipped="0" failures="2">
  <properties>
[...]
</properties>
  <testcase name="verifyLoginScreenUI" classname="com.listenersoncall.tests.UserLoginTest" time="2.499">
    <system-out><![CDATA[*** Test Suite Regression Test started ***
*** Running test method verifyLoginScreenUI...
CLICK ON SIGNIN BUTTON, APPLICATION NAVIGATED TO SIGNIN SCREEN.
VERFYING USERNAME LABEL, ACTUAL LABEL=>User Name ,EXPECTED LABEL=>User Name
VERFYING PASSWORD LABEL, ACTUAL LABEL=>Password ,EXPECTED LABEL=>Password
CAPTURED LOGIN PAGE SCREENSHOT
*** Executed verifyLoginScreenUI test successfully...
]]></system-out>
    <system-err><![CDATA[SLF4J: Failed to load class "org.slf4j.impl.StaticLoggerBinder".
SLF4J: Defaulting to no-operation (NOP) logger implementation
SLF4J: See http://www.slf4j.org/codes.html#StaticLoggerBinder for further details.
Feb 11, 2022 10:24:26 AM org.openqa.selenium.remote.DesiredCapabilities chrome
INFO: Using `new ChromeOptions()` is preferred to `DesiredCapabilities.chrome()`
Starting ChromeDriver 98.0.4758.80 (7f0488e8ba0d8e019187c6325a16c29d9b7f4989-refs/branch-heads/4758@{#972}) on port 10033
Only local connections are allowed.
Please see https://chromedriver.chromium.org/security-considerations for suggestions on keeping ChromeDriver safe.
ChromeDriver was started successfully.
Feb 11, 2022 10:24:27 AM org.openqa.selenium.remote.ProtocolHandshake createSession
INFO: Detected dialect: W3C
]]></system-err>
  </testcase>
  <testcase name="verifyValidLoginFunctionality" classname="com.listenersoncall.tests.UserLoginTest" time="42.336">
    <failure message="Expected condition failed: waiting for presence of element located by: By.xpath: //div[@class=&apos;text-white w-full flex justify-end&apos;] (tried for 30 second(s) with 500 milliseconds interval)" type="org.openqa.selenium.TimeoutException"><![CDATA[org.openqa.selenium.TimeoutException: Expected condition failed: waiting for presence of element located by: By.xpath: //div[@class='text-white w-full flex justify-end'] (tried for 30 second(s) with 500 milliseconds interval)
	at com.listenersoncall.tests.UserLoginTest.verifyValidLoginFunctionality(UserLoginTest.java:56)
Caused by: org.openqa.selenium.NoSuchElementException: 
no such element: Unable to locate element: {"method":"xpath","selector":"//div[@class='text-white w-full flex justify-end']"}
  (Session info: chrome=98.0.4758.82)
For documentation on this error, please visit: https://www.seleniumhq.org/exceptions/no_such_element.html
Build info: version: '3.141.59', revision: 'e82be7d358', time: '2018-11-14T08:17:03'
System info: host: 'VTIPL-H-PC247-L', ip: '192.168.55.105', os.name: 'Windows 10', os.arch: 'amd64', os.version: '10.0', java.version: '17.0.1'
Driver info: org.openqa.selenium.chrome.ChromeDriver
Capabilities {acceptInsecureCerts: true, browserName: chrome, browserVersion: 98.0.4758.82, chrome: {chromedriverVersion: 98.0.4758.80 (7f0488e8ba0d8..., userDataDir: C:\Users\AJAYKU~2\AppData\L...}, goog:chromeOptions: {debuggerAddress: localhost:54785}, javascriptEnabled: true, networkConnectionEnabled: false, pageLoadStrategy: normal, platform: WINDOWS, platformName: WINDOWS, proxy: Proxy(), setWindowRect: true, strictFileInteractability: false, timeouts: {implicit: 0, pageLoad: 300000, script: 30000}, unhandledPromptBehavior: dismiss and notify, webauthn:extension:credBlob: true, webauthn:extension:largeBlob: true, webauthn:virtualAuthenticators: true}
Session ID: d121474333394226731f171d780b5859
*** Element info: {Using=xpath, value=//div[@class='text-white w-full flex justify-end']}
	at com.listenersoncall.tests.UserLoginTest.verifyValidLoginFunctionality(UserLoginTest.java:56)
]]></failure>
    <system-out><![CDATA[*** Running test method verifyValidLoginFunctionality...
CLICK ON SIGNIN BUTTON, APPLICATION NAVIGATED TO SIGNIN SCREEN.
Value Entered In Email Textbox=>JohnMilly8386@mailinator.com
Value Entered In PASSWORD Textbox=>Listeners1234
Clicked On LOGIN Button.
*** Test execution verifyValidLoginFunctionality failed...
]]></system-out>
    <system-err><![CDATA[Feb 11, 2022 10:24:34 AM org.openqa.selenium.remote.DesiredCapabilities chrome
INFO: Using `new ChromeOptions()` is preferred to `DesiredCapabilities.chrome()`
Starting ChromeDriver 98.0.4758.80 (7f0488e8ba0d8e019187c6325a16c29d9b7f4989-refs/branch-heads/4758@{#972}) on port 26067
Only local connections are allowed.
Please see https://chromedriver.chromium.org/security-considerations for suggestions on keeping ChromeDriver safe.
ChromeDriver was started successfully.
Feb 11, 2022 10:24:35 AM org.openqa.selenium.remote.ProtocolHandshake createSession
INFO: Detected dialect: W3C
ERROR StatusLogger Log4j2 could not find a logging implementation. Please add log4j-core to the classpath. Using SimpleLogger to log to the console...
]]></system-err>
  </testcase>
  <testcase name="verifyContinueAccountCreationFunctionality" classname="com.listenersoncall.tests.UserCreateNewAccountTest" time="6.478">
    <system-out><![CDATA[*** Running test method verifyContinueAccountCreationFunctionality...
CLICK ON CREATE ACCOUNT BUTTON, APPLICATION NAVIGATED TO CREATE ACCOUNT SCREEN.
Clicked On Close Button.
CAPTURE ALERT SCREEN SCREENSHOT
Clicked On 'Continue Account Creation' Button.
First Name Field Is Displayed
Application Navigated to 'Create Account' Screen
*** Executed verifyContinueAccountCreationFunctionality test successfully...
]]></system-out>
    <system-err><![CDATA[Feb 11, 2022 10:25:23 AM org.openqa.selenium.remote.DesiredCapabilities chrome
INFO: Using `new ChromeOptions()` is preferred to `DesiredCapabilities.chrome()`
Starting ChromeDriver 98.0.4758.80 (7f0488e8ba0d8e019187c6325a16c29d9b7f4989-refs/branch-heads/4758@{#972}) on port 35043
Only local connections are allowed.
Please see https://chromedriver.chromium.org/security-considerations for suggestions on keeping ChromeDriver safe.
ChromeDriver was started successfully.
Feb 11, 2022 10:25:24 AM org.openqa.selenium.remote.ProtocolHandshake createSession
INFO: Detected dialect: W3C
]]></system-err>
  </testcase>
  <testcase name="verifyEndAccountCreationFunctionality" classname="com.listenersoncall.tests.UserCreateNewAccountTest" time="9.457">
    <system-out><![CDATA[*** Running test method verifyEndAccountCreationFunctionality...
CLICK ON CREATE ACCOUNT BUTTON, APPLICATION NAVIGATED TO CREATE ACCOUNT SCREEN.
Clicked On Close Button.
Verified Alert Text, Actual Text=>Are you sure you want to end the account creation process? ,Expected Text=>Are you sure you want to end the account creation process?
Clicked On 'End Account Creation' Button.
Verfying LET'S TALK ABOUT Text, ACTUAL TEXT=>Let's talk about...
Application Navigated to Dashboard Screen
*** Executed verifyEndAccountCreationFunctionality test successfully...
]]></system-out>
    <system-err><![CDATA[Feb 11, 2022 10:25:35 AM org.openqa.selenium.remote.DesiredCapabilities chrome
INFO: Using `new ChromeOptions()` is preferred to `DesiredCapabilities.chrome()`
Starting ChromeDriver 98.0.4758.80 (7f0488e8ba0d8e019187c6325a16c29d9b7f4989-refs/branch-heads/4758@{#972}) on port 29538
Only local connections are allowed.
Please see https://chromedriver.chromium.org/security-considerations for suggestions on keeping ChromeDriver safe.
ChromeDriver was started successfully.
Feb 11, 2022 10:25:36 AM org.openqa.selenium.remote.ProtocolHandshake createSession
INFO: Detected dialect: W3C
]]></system-err>
  </testcase>
  <testcase name="verifyNewAccountCreationFunctionality" classname="com.listenersoncall.tests.UserCreateNewAccountTest" time="23.964">
    <system-out><![CDATA[*** Running test method verifyNewAccountCreationFunctionality...
CLICK ON CREATE ACCOUNT BUTTON, APPLICATION NAVIGATED TO CREATE ACCOUNT SCREEN.
Value entered value in first name is=>John
Value entered in Last name is=>Milly
Value entered in Email is=>JohnMilly3289@mailinator.com
Value entered in PhoneNumber is=>4842634691
Selected GENDER Y=>male from GENDER Dropdown
Clicked On Selected Date.
Value entered in Date Of Birth Textbox=>2002-02-11
Selected TimeZone As=>US/Eastern from TIMEZONE Dropdown
Value entered in ZIPCODE is=>431638
Value entered in PASSWORD Textbox is=>Listeners1234
Value entered in CONFIRM PASSWORD Textbox is=>Listeners1234
Clicked on NEXT button
Clicked on TERMS ON CONDITIONS Radio Button
Clicked on GET STARTED Button
Verfying LET'S TALK ABOUT Text, ACTUAL TEXT=>Let's talk about...
CAPTURED DASHBOARD SCREENSHOT
*** Executed verifyNewAccountCreationFunctionality test successfully...
]]></system-out>
    <system-err><![CDATA[Feb 11, 2022 10:25:55 AM org.openqa.selenium.remote.DesiredCapabilities chrome
INFO: Using `new ChromeOptions()` is preferred to `DesiredCapabilities.chrome()`
Starting ChromeDriver 98.0.4758.80 (7f0488e8ba0d8e019187c6325a16c29d9b7f4989-refs/branch-heads/4758@{#972}) on port 44003
Only local connections are allowed.
Please see https://chromedriver.chromium.org/security-considerations for suggestions on keeping ChromeDriver safe.
ChromeDriver was started successfully.
Feb 11, 2022 10:25:58 AM org.openqa.selenium.remote.ProtocolHandshake createSession
INFO: Detected dialect: W3C
]]></system-err>
  </testcase>
  <testcase name="verifyDashboardUIFunctionality" classname="com.listenersoncall.tests.UserDashboardPageTest" time="41.631">
    <failure message="Expected condition failed: waiting for presence of element located by: By.xpath: //div[@class=&apos;text-white w-full flex justify-end&apos;] (tried for 30 second(s) with 500 milliseconds interval)" type="org.openqa.selenium.TimeoutException"><![CDATA[org.openqa.selenium.TimeoutException: Expected condition failed: waiting for presence of element located by: By.xpath: //div[@class='text-white w-full flex justify-end'] (tried for 30 second(s) with 500 milliseconds interval)
	at com.listenersoncall.tests.UserDashboardPageTest.verifyDashboardUIFunctionality(UserDashboardPageTest.java:41)
Caused by: org.openqa.selenium.NoSuchElementException: 
no such element: Unable to locate element: {"method":"xpath","selector":"//div[@class='text-white w-full flex justify-end']"}
  (Session info: chrome=98.0.4758.82)
For documentation on this error, please visit: https://www.seleniumhq.org/exceptions/no_such_element.html
Build info: version: '3.141.59', revision: 'e82be7d358', time: '2018-11-14T08:17:03'
System info: host: 'VTIPL-H-PC247-L', ip: '192.168.55.105', os.name: 'Windows 10', os.arch: 'amd64', os.version: '10.0', java.version: '17.0.1'
Driver info: org.openqa.selenium.chrome.ChromeDriver
Capabilities {acceptInsecureCerts: true, browserName: chrome, browserVersion: 98.0.4758.82, chrome: {chromedriverVersion: 98.0.4758.80 (7f0488e8ba0d8..., userDataDir: C:\Users\AJAYKU~2\AppData\L...}, goog:chromeOptions: {debuggerAddress: localhost:55003}, javascriptEnabled: true, networkConnectionEnabled: false, pageLoadStrategy: normal, platform: WINDOWS, platformName: WINDOWS, proxy: Proxy(), setWindowRect: true, strictFileInteractability: false, timeouts: {implicit: 0, pageLoad: 300000, script: 30000}, unhandledPromptBehavior: dismiss and notify, webauthn:extension:credBlob: true, webauthn:extension:largeBlob: true, webauthn:virtualAuthenticators: true}
Session ID: 11515acf2b1e9bdb85c18e4164d3e018
*** Element info: {Using=xpath, value=//div[@class='text-white w-full flex justify-end']}
	at com.listenersoncall.tests.UserDashboardPageTest.verifyDashboardUIFunctionality(UserDashboardPageTest.java:41)
]]></failure>
    <system-out><![CDATA[*** Running test method verifyDashboardUIFunctionality...
CLICK ON SIGNIN BUTTON, APPLICATION NAVIGATED TO SIGNIN SCREEN.
Value Entered In Email Textbox=>JohnMilly8386@mailinator.com
Value Entered In PASSWORD Textbox=>Listeners1234
Clicked On LOGIN Button.
*** Test execution verifyDashboardUIFunctionality failed...
]]></system-out>
    <system-err><![CDATA[Feb 11, 2022 10:26:26 AM org.openqa.selenium.remote.DesiredCapabilities chrome
INFO: Using `new ChromeOptions()` is preferred to `DesiredCapabilities.chrome()`
Starting ChromeDriver 98.0.4758.80 (7f0488e8ba0d8e019187c6325a16c29d9b7f4989-refs/branch-heads/4758@{#972}) on port 6852
Only local connections are allowed.
Please see https://chromedriver.chromium.org/security-considerations for suggestions on keeping ChromeDriver safe.
ChromeDriver was started successfully.
Feb 11, 2022 10:26:27 AM org.openqa.selenium.remote.ProtocolHandshake createSession
INFO: Detected dialect: W3C
]]></system-err>
  </testcase>
  <testcase name="verifyAdminLoginFunctionality" classname="com.listenersoncall.tests.AdminLoginTest" time="10.457">
    <system-out><![CDATA[*** Running test method verifyAdminLoginFunctionality...
Text Entered In UserName Field Is=>adi@listenersoncall.com
Text Entered In Password Field Is=>Adiloc
Clicked On SUBMIT Button.
DashBoard Screen
Clicked On 'LOG OUT' Button.
*** Executed verifyAdminLoginFunctionality test successfully...
]]></system-out>
    <system-err><![CDATA[Feb 11, 2022 10:27:13 AM org.openqa.selenium.remote.DesiredCapabilities chrome
INFO: Using `new ChromeOptions()` is preferred to `DesiredCapabilities.chrome()`
Starting ChromeDriver 98.0.4758.80 (7f0488e8ba0d8e019187c6325a16c29d9b7f4989-refs/branch-heads/4758@{#972}) on port 26521
Only local connections are allowed.
Please see https://chromedriver.chromium.org/security-considerations for suggestions on keeping ChromeDriver safe.
ChromeDriver was started successfully.
Feb 11, 2022 10:27:14 AM org.openqa.selenium.remote.ProtocolHandshake createSession
INFO: Detected dialect: W3C
]]></system-err>
  </testcase>
  <testcase name="verifyAdminLoginScreenUI" classname="com.listenersoncall.tests.AdminLoginTest" time="2.056">
    <system-out><![CDATA[*** Running test method verifyAdminLoginScreenUI...
Verified 'USERNAME' Label, Actual Label=>Username
Verified 'PASSWORD' Label, Actual Label=>Password
Listeners Logo Is Displayed
*** Executed verifyAdminLoginScreenUI test successfully...
]]></system-out>
    <system-err><![CDATA[Feb 11, 2022 10:27:29 AM org.openqa.selenium.remote.DesiredCapabilities chrome
INFO: Using `new ChromeOptions()` is preferred to `DesiredCapabilities.chrome()`
Starting ChromeDriver 98.0.4758.80 (7f0488e8ba0d8e019187c6325a16c29d9b7f4989-refs/branch-heads/4758@{#972}) on port 29849
Only local connections are allowed.
Please see https://chromedriver.chromium.org/security-considerations for suggestions on keeping ChromeDriver safe.
ChromeDriver was started successfully.
Feb 11, 2022 10:27:30 AM org.openqa.selenium.remote.ProtocolHandshake createSession
INFO: Detected dialect: W3C
]]></system-err>
  </testcase>
</testsuite>