<?xml version="1.0" encoding="UTF-8"?>
<!-- Generated by org.testng.reporters.JUnitXMLReporter -->
<testsuite ignored="0" hostname="VTIPL-H-PC247-L" failures="0" tests="3" name="Login Test" time="42.791" errors="0" timestamp="2022-02-08T23:22:53 IST">
  <testcase classname="com.listenersoncall.tests.LoginTest" name="verifyLoginScreenFunctionality" time="14.021"/>
  <testcase classname="com.listenersoncall.tests.LoginTest" name="verifyLoginScreenUI" time="2.276"/>
  <testcase classname="com.listenersoncall.tests.DashboardScreenTest" name="verifyDashboardScreenUIFunctionality" time="10.729"/>
</testsuite> <!-- Login Test -->
